[    0.000000] Linux version 4.15.0-212-generic (buildd@lcy02-amd64-083) (gcc version 7.5.0 (Ubuntu 7.5.0-3ubuntu1~18.04)) #223-Ubuntu SMP Tue May 23 13:09:22 UTC 2023 (Ubuntu 4.15.0-212.223-generic 4.15.18)
[    0.000000] Command line: BOOT_IMAGE=/boot/vmlinuz-4.15.0-212-generic root=LABEL=cloudimg-rootfs ro console=tty1 console=ttyS0
[    0.000000] KERNEL supported cpus:
[    0.000000]   Intel GenuineIntel
[    0.000000]   AMD AuthenticAMD
[    0.000000]   Centaur CentaurHauls
[    0.000000] x86/fpu: Supporting XSAVE feature 0x001: 'x87 floating point registers'
[    0.000000] x86/fpu: Supporting XSAVE feature 0x002: 'SSE registers'
[    0.000000] x86/fpu: Supporting XSAVE feature 0x004: 'AVX registers'
[    0.000000] x86/fpu: xstate_offset[2]:  576, xstate_sizes[2]:  256
[    0.000000] x86/fpu: Enabled xstate features 0x7, context size is 832 bytes, using 'standard' format.
[    0.000000] e820: BIOS-provided physical RAM map:
[    0.000000] BIOS-e820: [mem 0x0000000000000000-0x000000000009fbff] usable
[    0.000000] BIOS-e820: [mem 0x000000000009fc00-0x000000000009ffff] reserved
[    0.000000] BIOS-e820: [mem 0x00000000000f0000-0x00000000000fffff] reserved
[    0.000000] BIOS-e820: [mem 0x0000000000100000-0x000000003ffeffff] usable
[    0.000000] BIOS-e820: [mem 0x000000003fff0000-0x000000003fffffff] ACPI data
[    0.000000] BIOS-e820: [mem 0x00000000fec00000-0x00000000fec00fff] reserved
[    0.000000] BIOS-e820: [mem 0x00000000fee00000-0x00000000fee00fff] reserved
[    0.000000] BIOS-e820: [mem 0x00000000fffc0000-0x00000000ffffffff] reserved
[    0.000000] NX (Execute Disable) protection: active
[    0.000000] SMBIOS 2.5 present.
[    0.000000] DMI: innotek GmbH VirtualBox/VirtualBox, BIOS VirtualBox 12/01/2006
[    0.000000] Hypervisor detected: KVM
[    0.000000] e820: last_pfn = 0x3fff0 max_arch_pfn = 0x400000000
[    0.000000] MTRR: Disabled
[    0.000000] x86/PAT: MTRRs disabled, skipping PAT initialization too.
[    0.000000] CPU MTRRs all blank - virtualized system.
[    0.000000] x86/PAT: Configuration [0-7]: WB  WT  UC- UC  WB  WT  UC- UC  
[    0.000000] found SMP MP-table at [mem 0x0009fff0-0x0009ffff]
[    0.000000] Scanning 1 areas for low memory corruption
[    0.000000] RAMDISK: [mem 0x359cb000-0x36cdcfff]
[    0.000000] ACPI: Early table checksum verification disabled
[    0.000000] ACPI: RSDP 0x00000000000E0000 000024 (v02 VBOX  )
[    0.000000] ACPI: XSDT 0x000000003FFF0030 00003C (v01 VBOX   VBOXXSDT 00000001 ASL  00000061)
[    0.000000] ACPI: FACP 0x000000003FFF00F0 0000F4 (v04 VBOX   VBOXFACP 00000001 ASL  00000061)
[    0.000000] ACPI: DSDT 0x000000003FFF0610 002353 (v02 VBOX   VBOXBIOS 00000002 INTL 20100528)
[    0.000000] ACPI: FACS 0x000000003FFF0200 000040
[    0.000000] ACPI: FACS 0x000000003FFF0200 000040
[    0.000000] ACPI: APIC 0x000000003FFF0240 00005C (v02 VBOX   VBOXAPIC 00000001 ASL  00000061)
[    0.000000] ACPI: SSDT 0x000000003FFF02A0 00036C (v01 VBOX   VBOXCPUT 00000002 INTL 20100528)
[    0.000000] ACPI: Reserving FACP table memory at [mem 0x3fff00f0-0x3fff01e3]
[    0.000000] ACPI: Reserving DSDT table memory at [mem 0x3fff0610-0x3fff2962]
[    0.000000] ACPI: Reserving FACS table memory at [mem 0x3fff0200-0x3fff023f]
[    0.000000] ACPI: Reserving FACS table memory at [mem 0x3fff0200-0x3fff023f]
[    0.000000] ACPI: Reserving APIC table memory at [mem 0x3fff0240-0x3fff029b]
[    0.000000] ACPI: Reserving SSDT table memory at [mem 0x3fff02a0-0x3fff060b]
[    0.000000] No NUMA configuration found
[    0.000000] Faking a node at [mem 0x0000000000000000-0x000000003ffeffff]
[    0.000000] NODE_DATA(0) allocated [mem 0x3ffc5000-0x3ffeffff]
[    0.000000] kvm-clock: cpu 0, msr 0:3ff44001, primary cpu clock
[    0.000000] kvm-clock: Using msrs 4b564d01 and 4b564d00
[    0.000000] kvm-clock: using sched offset of 4420419805 cycles
[    0.000000] clocksource: kvm-clock: mask: 0xffffffffffffffff max_cycles: 0x1cd42e4dffb, max_idle_ns: 881590591483 ns
[    0.000000] Zone ranges:
[    0.000000]   DMA      [mem 0x0000000000001000-0x0000000000ffffff]
[    0.000000]   DMA32    [mem 0x0000000001000000-0x000000003ffeffff]
[    0.000000]   Normal   empty
[    0.000000]   Device   empty
[    0.000000] Movable zone start for each node
[    0.000000] Early memory node ranges
[    0.000000]   node   0: [mem 0x0000000000001000-0x000000000009efff]
[    0.000000]   node   0: [mem 0x0000000000100000-0x000000003ffeffff]
[    0.000000] Reserved but unavailable: 104 pages
[    0.000000] Initmem setup node 0 [mem 0x0000000000001000-0x000000003ffeffff]
[    0.000000] ACPI: PM-Timer IO Port: 0x4008
[    0.000000] IOAPIC[0]: apic_id 2, version 32, address 0xfec00000, GSI 0-23
[    0.000000] ACPI: INT_SRC_OVR (bus 0 bus_irq 0 global_irq 2 dfl dfl)
[    0.000000] ACPI: INT_SRC_OVR (bus 0 bus_irq 9 global_irq 9 low level)
[    0.000000] Using ACPI (MADT) for SMP configuration information
[    0.000000] smpboot: Allowing 2 CPUs, 0 hotplug CPUs
[    0.000000] PM: Registered nosave memory: [mem 0x00000000-0x00000fff]
[    0.000000] PM: Registered nosave memory: [mem 0x0009f000-0x0009ffff]
[    0.000000] PM: Registered nosave memory: [mem 0x000a0000-0x000effff]
[    0.000000] PM: Registered nosave memory: [mem 0x000f0000-0x000fffff]
[    0.000000] e820: [mem 0x40000000-0xfebfffff] available for PCI devices
[    0.000000] Booting paravirtualized kernel on KVM
[    0.000000] clocksource: refined-jiffies: mask: 0xffffffff max_cycles: 0xffffffff, max_idle_ns: 7645519600211568 ns
[    0.000000] setup_percpu: NR_CPUS:8192 nr_cpumask_bits:2 nr_cpu_ids:2 nr_node_ids:1
[    0.000000] percpu: Embedded 50 pages/cpu s167936 r8192 d28672 u1048576
[    0.000000] PV qspinlock hash table entries: 256 (order: 0, 4096 bytes)
[    0.000000] Built 1 zonelists, mobility grouping on.  Total pages: 257913
[    0.000000] Policy zone: DMA32
[    0.000000] Kernel command line: BOOT_IMAGE=/boot/vmlinuz-4.15.0-212-generic root=LABEL=cloudimg-rootfs ro console=tty1 console=ttyS0
[    0.000000] Memory: 982644K/1048120K available (12300K kernel code, 2477K rwdata, 4324K rodata, 2480K init, 2720K bss, 65476K reserved, 0K cma-reserved)
[    0.000000] SLUB: HWalign=64, Order=0-3, MinObjects=0, CPUs=2, Nodes=1
[    0.000000] Kernel/User page tables isolation: enabled
[    0.000000] ftrace: allocating 39508 entries in 155 pages
[    0.004000] Hierarchical RCU implementation.
[    0.004000] 	RCU restricting CPUs from NR_CPUS=8192 to nr_cpu_ids=2.
[    0.004000] 	Tasks RCU enabled.
[    0.004000] RCU: Adjusting geometry for rcu_fanout_leaf=16, nr_cpu_ids=2
[    0.004000] NR_IRQS: 524544, nr_irqs: 440, preallocated irqs: 16
[    0.004000] random: crng init done
[    0.004000] Console: colour VGA+ 80x25
[    0.004000] console [tty1] enabled
[    0.004000] console [ttyS0] enabled
[    0.004000] ACPI: Core revision 20170831
[    0.004000] ACPI: 2 ACPI AML tables successfully acquired and loaded
[    0.004000] APIC: Switch to symmetric I/O mode setup
[    0.004000] x2apic enabled
[    0.004000] Switched APIC routing to physical x2apic.
[    0.008000] ..TIMER: vector=0x30 apic1=0 pin1=2 apic2=-1 pin2=-1
[    0.008006] tsc: Detected 2594.116 MHz processor
[    0.012015] Calibrating delay loop (skipped) preset value.. 5188.23 BogoMIPS (lpj=10376464)
[    0.016004] pid_max: default: 32768 minimum: 301
[    0.017742] Security Framework initialized
[    0.020004] Yama: becoming mindful.
[    0.021355] AppArmor: AppArmor initialized
[    0.024063] Dentry cache hash table entries: 131072 (order: 8, 1048576 bytes)
[    0.026631] Inode-cache hash table entries: 65536 (order: 7, 524288 bytes)
[    0.028024] Mount-cache hash table entries: 2048 (order: 2, 16384 bytes)
[    0.032011] Mountpoint-cache hash table entries: 2048 (order: 2, 16384 bytes)
[    0.034979] Last level iTLB entries: 4KB 512, 2MB 8, 4MB 8
[    0.036004] Last level dTLB entries: 4KB 512, 2MB 32, 4MB 32, 1GB 0
[    0.038138] Spectre V1 : Mitigation: usercopy/swapgs barriers and __user pointer sanitization
[    0.040005] Spectre V2 : Mitigation: Retpolines
[    0.044003] Spectre V2 : Spectre v2 / SpectreRSB mitigation: Filling RSB on context switch
[    0.046969] Spectre V2 : Spectre v2 / SpectreRSB : Filling RSB on VMEXIT
[    0.048004] Speculative Store Bypass: Vulnerable
[    0.049736] MDS: Mitigation: Clear CPU buffers
[    0.052003] MMIO Stale Data: Unknown: No mitigations
[    0.053769] SRBDS: Unknown: Dependent on hypervisor status
[    0.056449] Freeing SMP alternatives memory: 36K
[    0.169878] smpboot: CPU0: Intel(R) Core(TM) i5-3230M CPU @ 2.60GHz (family: 0x6, model: 0x3a, stepping: 0x9)
[    0.172000] Performance Events: unsupported p6 CPU model 58 no PMU driver, software events only.
[    0.172093] Hierarchical SRCU implementation.
[    0.176816] NMI watchdog: Perf event create on CPU 0 failed with -2
[    0.180006] NMI watchdog: Perf NMI watchdog permanently disabled
[    0.183088] smp: Bringing up secondary CPUs ...
[    0.184284] x86: Booting SMP configuration:
[    0.188006] .... node  #0, CPUs:      #1
[    0.004000] kvm-clock: cpu 1, msr 0:3ff44041, secondary cpu clock
[    0.194879] smp: Brought up 1 node, 2 CPUs
[    0.196009] smpboot: Max logical packages: 1
[    0.197892] smpboot: Total of 2 processors activated (10376.46 BogoMIPS)
[    0.200300] devtmpfs: initialized
[    0.204125] x86/mm: Memory block size: 128MB
[    0.206146] evm: security.selinux
[    0.207419] evm: security.SMACK64
[    0.208005] evm: security.SMACK64EXEC
[    0.209365] evm: security.SMACK64TRANSMUTE
[    0.210981] evm: security.SMACK64MMAP
[    0.212004] evm: security.apparmor
[    0.213299] evm: security.ima
[    0.216003] evm: security.capability
[    0.217417] clocksource: jiffies: mask: 0xffffffff max_cycles: 0xffffffff, max_idle_ns: 7645041785100000 ns
[    0.220027] futex hash table entries: 512 (order: 3, 32768 bytes)
[    0.222709] pinctrl core: initialized pinctrl subsystem
[    0.225740] RTC time: 21:47:39, date: 02/27/24
[    0.228332] NET: Registered protocol family 16
[    0.230204] audit: initializing netlink subsys (disabled)
[    0.232046] audit: type=2000 audit(1709070464.871:1): state=initialized audit_enabled=0 res=1
[    0.236027] cpuidle: using governor ladder
[    0.237676] cpuidle: using governor menu
[    0.239286] ACPI: bus type PCI registered
[    0.240007] acpiphp: ACPI Hot Plug PCI Controller Driver version: 0.5
[    0.244199] PCI: Using configuration type 1 for base access
[    0.250250] HugeTLB registered 2.00 MiB page size, pre-allocated 0 pages
[    0.252085] ACPI: Added _OSI(Module Device)
[    0.253729] ACPI: Added _OSI(Processor Device)
[    0.256009] ACPI: Added _OSI(3.0 _SCP Extensions)
[    0.257711] ACPI: Added _OSI(Processor Aggregator Device)
[    0.259591] ACPI: Added _OSI(Linux-Dell-Video)
[    0.260005] ACPI: Added _OSI(Linux-Lenovo-NV-HDMI-Audio)
[    0.261879] ACPI: Added _OSI(Linux-HPI-Hybrid-Graphics)
[    0.264572] ACPI: Executed 1 blocks of module-level executable AML code
[    0.282091] ACPI: Interpreter enabled
[    0.283498] ACPI: (supports S0 S5)
[    0.284004] ACPI: Using IOAPIC for interrupt routing
[    0.286652] PCI: Using host bridge windows from ACPI; if necessary, use "pci=nocrs" and report a bug
[    0.288477] ACPI: Enabled 2 GPEs in block 00 to 07
[    0.313617] ACPI: PCI Root Bridge [PCI0] (domain 0000 [bus 00-ff])
[    0.316013] acpi PNP0A03:00: _OSC: OS supports [ASPM ClockPM Segments MSI]
[    0.320000] acpi PNP0A03:00: _OSC: not requesting OS control; OS requires [ExtendedConfig ASPM ClockPM MSI]
[    0.320032] acpi PNP0A03:00: fail to add MMCONFIG information, can't access extended PCI configuration space under this bridge.
[    0.328908] PCI host bridge to bus 0000:00
[    0.330441] pci_bus 0000:00: root bus resource [io  0x0000-0x0cf7 window]
[    0.332006] pci_bus 0000:00: root bus resource [io  0x0d00-0xffff window]
[    0.334318] pci_bus 0000:00: root bus resource [mem 0x000a0000-0x000bffff window]
[    0.336006] pci_bus 0000:00: root bus resource [mem 0x40000000-0xfdffffff window]
[    0.338705] pci_bus 0000:00: root bus resource [bus 00-ff]
[    0.345373] pci 0000:00:01.1: legacy IDE quirk: reg 0x10: [io  0x01f0-0x01f7]
[    0.347922] pci 0000:00:01.1: legacy IDE quirk: reg 0x14: [io  0x03f6]
[    0.348005] pci 0000:00:01.1: legacy IDE quirk: reg 0x18: [io  0x0170-0x0177]
[    0.350557] pci 0000:00:01.1: legacy IDE quirk: reg 0x1c: [io  0x0376]
[    0.382681] pci 0000:00:07.0: quirk: [io  0x4000-0x403f] claimed by PIIX4 ACPI
[    0.384028] pci 0000:00:07.0: quirk: [io  0x4100-0x410f] claimed by PIIX4 SMB
[    0.409759] ACPI: PCI Interrupt Link [LNKA] (IRQs 5 9 10 *11)
[    0.413123] ACPI: PCI Interrupt Link [LNKB] (IRQs 5 9 *10 11)
[    0.415466] ACPI: PCI Interrupt Link [LNKC] (IRQs 5 *9 10 11)
[    0.416340] ACPI: PCI Interrupt Link [LNKD] (IRQs 5 9 10 *11)
[    0.420907] SCSI subsystem initialized
[    0.422386] pci 0000:00:02.0: vgaarb: setting as boot VGA device
[    0.422386] pci 0000:00:02.0: vgaarb: VGA device added: decodes=io+mem,owns=io+mem,locks=none
[    0.424009] pci 0000:00:02.0: vgaarb: bridge control possible
[    0.428005] vgaarb: loaded
[    0.429320] ACPI: bus type USB registered
[    0.432041] usbcore: registered new interface driver usbfs
[    0.433959] usbcore: registered new interface driver hub
[    0.436016] usbcore: registered new device driver usb
[    0.437872] EDAC MC: Ver: 3.0.0
[    0.440438] PCI: Using ACPI for IRQ routing
[    0.442414] NetLabel: Initializing
[    0.444006] NetLabel:  domain hash size = 128
[    0.445711] NetLabel:  protocols = UNLABELED CIPSOv4 CALIPSO
[    0.448055] NetLabel:  unlabeled traffic allowed by default
[    0.450106] clocksource: Switched to clocksource kvm-clock
[    0.486333] VFS: Disk quotas dquot_6.6.0
[    0.488027] VFS: Dquot-cache hash table entries: 512 (order 0, 4096 bytes)
[    0.491027] AppArmor: AppArmor Filesystem Enabled
[    0.492802] pnp: PnP ACPI init
[    0.497021] pnp: PnP ACPI: found 3 devices
[    0.508615] clocksource: acpi_pm: mask: 0xffffff max_cycles: 0xffffff, max_idle_ns: 2085701024 ns
[    0.511857] NET: Registered protocol family 2
[    0.513577] IP idents hash table entries: 16384 (order: 5, 131072 bytes)
[    0.517822] TCP established hash table entries: 8192 (order: 4, 65536 bytes)
[    0.520390] TCP bind hash table entries: 8192 (order: 5, 131072 bytes)
[    0.522746] TCP: Hash tables configured (established 8192 bind 8192)
[    0.524997] UDP hash table entries: 512 (order: 2, 16384 bytes)
[    0.527039] UDP-Lite hash table entries: 512 (order: 2, 16384 bytes)
[    0.529287] NET: Registered protocol family 1
[    0.530881] pci 0000:00:00.0: Limiting direct PCI/PCI transfers
[    0.532985] pci 0000:00:01.0: Activating ISA DMA hang workarounds
[    0.535176] pci 0000:00:02.0: Video device with shadowed ROM at [mem 0x000c0000-0x000dffff]
[    0.538403] Unpacking initramfs...
[    1.191872] Freeing initrd memory: 19528K
[    1.194229] clocksource: tsc: mask: 0xffffffffffffffff max_cycles: 0x256485898c4, max_idle_ns: 440795246280 ns
[    1.199140] platform rtc_cmos: registered platform RTC device (no PNP device found)
[    1.203038] Scanning for low memory corruption every 60 seconds
[    1.206730] Initialise system trusted keyrings
[    1.209019] Key type blacklist registered
[    1.210674] workingset: timestamp_bits=36 max_order=18 bucket_order=0
[    1.216702] zbud: loaded
[    1.218930] squashfs: version 4.0 (2009/01/31) Phillip Lougher
[    1.222913] fuse init (API version 7.26)
[    1.229320] Key type asymmetric registered
[    1.231146] Asymmetric key parser 'x509' registered
[    1.234102] Block layer SCSI generic (bsg) driver version 0.4 loaded (major 246)
[    1.238469] io scheduler noop registered
[    1.240611] io scheduler deadline registered
[    1.242827] io scheduler cfq registered (default)
[    1.246440] ACPI: AC Adapter [AC] (on-line)
[    1.249490] input: Power Button as /devices/LNXSYSTM:00/LNXPWRBN:00/input/input0
[    1.253380] ACPI: Power Button [PWRF]
[    1.255516] input: Sleep Button as /devices/LNXSYSTM:00/LNXSLPBN:00/input/input1
[    1.259516] ACPI: Sleep Button [SLPF]
[    1.265086] Serial: 8250/16550 driver, 32 ports, IRQ sharing enabled
[    1.265341] ACPI: Battery Slot [BAT0] (battery present)
[    1.295299] 00:02: ttyS0 at I/O 0x3f8 (irq = 4, base_baud = 115200) is a 16550A
[    1.303563] Linux agpgart interface v0.103
[    1.310374] loop: module loaded
[    1.313651] scsi host0: ata_piix
[    1.315806] scsi host1: ata_piix
[    1.317624] ata1: PATA max UDMA/33 cmd 0x1f0 ctl 0x3f6 bmdma 0xd000 irq 14
[    1.321323] ata2: PATA max UDMA/33 cmd 0x170 ctl 0x376 bmdma 0xd008 irq 15
[    1.325160] tun: Universal TUN/TAP device driver, 1.6
[    1.328235] PPP generic driver version 2.4.2
[    1.330707] ehci_hcd: USB 2.0 'Enhanced' Host Controller (EHCI) Driver
[    1.333859] ehci-pci: EHCI PCI platform driver
[    1.336403] ehci-platform: EHCI generic platform driver
[    1.338877] ohci_hcd: USB 1.1 'Open' Host Controller (OHCI) Driver
[    1.342001] ohci-pci: OHCI PCI platform driver
[    1.344207] ohci-platform: OHCI generic platform driver
[    1.347216] uhci_hcd: USB Universal Host Controller Interface driver
[    1.350700] i8042: PNP: PS/2 Controller [PNP0303:PS2K,PNP0f03:PS2M] at 0x60,0x64 irq 1,12
[    1.355367] serio: i8042 KBD port at 0x60,0x64 irq 1
[    1.358155] serio: i8042 AUX port at 0x60,0x64 irq 12
[    1.360884] mousedev: PS/2 mouse device common for all mice
[    1.363861] input: AT Translated Set 2 keyboard as /devices/platform/i8042/serio0/input/input2
[    1.368972] rtc_cmos rtc_cmos: rtc core: registered rtc_cmos as rtc0
[    1.372068] rtc_cmos rtc_cmos: alarms up to one day, 114 bytes nvram
[    1.375651] i2c /dev entries driver
[    1.377896] device-mapper: uevent: version 1.0.3
[    1.380307] device-mapper: ioctl: 4.37.0-ioctl (2017-09-20) initialised: dm-devel@redhat.com
[    1.385083] ledtrig-cpu: registered to indicate activity on CPUs
[    1.389281] NET: Registered protocol family 10
[    1.398574] Segment Routing with IPv6
[    1.400666] NET: Registered protocol family 17
[    1.403172] Key type dns_resolver registered
[    1.405807] mce: Using 0 MCE banks
[    1.407643] RAS: Correctable Errors collector initialized.
[    1.410720] sched_clock: Marking stable (1410639782, 0)->(1805938205, -395298423)
[    1.414918] registered taskstats version 1
[    1.417129] Loading compiled-in X.509 certificates
[    1.423959] Loaded X.509 cert 'Build time autogenerated kernel key: b5b26778eaa3ab3a4a6cee031137706e947d12ad'
[    1.430805] Loaded X.509 cert 'Canonical Ltd. Live Patch Signing: 14df34d1a87cf37625abec039ef2bf521249b969'
[    1.437419] Loaded X.509 cert 'Canonical Ltd. Kernel Module Signing: 88f752e560a1e0737e31163a466ad7b70a850c19'
[    1.442073] blacklist: Loading compiled-in revocation X.509 certificates
[    1.445244] Loaded X.509 cert 'Canonical Ltd. Secure Boot Signing: 61482aa2830d0ab2ad5af10b7250da9033ddcef0'
[    1.450409] Loaded X.509 cert 'Canonical Ltd. Secure Boot Signing (2017): 242ade75ac4a15e50d50c84b0d45ff3eae707a03'
[    1.455829] Loaded X.509 cert 'Canonical Ltd. Secure Boot Signing (ESM 2018): 365188c1d374d6b07c3c8f240f8ef722433d6a8b'
[    1.461951] Loaded X.509 cert 'Canonical Ltd. Secure Boot Signing (2019): c0746fd6c5da3ae827864651ad66ae47fe24b3e8'
[    1.467252] Loaded X.509 cert 'Canonical Ltd. Secure Boot Signing (2021 v1): a8d54bbb3825cfb94fa13c9f8a594a195c107b8d'
[    1.472949] Loaded X.509 cert 'Canonical Ltd. Secure Boot Signing (2021 v2): 4cf046892d6fd3c9a5b03f98d845f90851dc6a8c'
[    1.478074] Loaded X.509 cert 'Canonical Ltd. Secure Boot Signing (2021 v3): 100437bb6de6e469b581e61cd66bce3ef4ed53af'
[    1.483030] Loaded X.509 cert 'Canonical Ltd. Secure Boot Signing (Ubuntu Core 2019): c1d57b8f6b743f23ee41f4f7ee292f06eecadfb9'
[    1.488365] zswap: loaded using pool lzo/zbud
[    1.518340] Key type big_key registered
[    1.519820] Key type trusted registered
[    1.524269] Key type encrypted registered
[    1.525735] AppArmor: AppArmor sha1 policy hashing enabled
[    1.527639] ima: No TPM chip found, activating TPM-bypass! (rc=-19)
[    1.529853] ima: Allocated hash algorithm: sha1
[    1.531490] evm: HMAC attrs: 0x1
[    1.533244]   Magic number: 12:469:804
[    1.534767] rtc_cmos rtc_cmos: setting system clock to 2024-02-27 21:47:40 UTC (1709070460)
[    1.537882] BIOS EDD facility v0.16 2004-Jun-25, 0 devices found
[    1.539958] EDD information not available.
[    1.552534] Freeing unused kernel image memory: 2480K
[    1.576677] Write protecting the kernel read-only data: 20480k
[    1.580067] Freeing unused kernel image memory: 2008K
[    1.582547] Freeing unused kernel image memory: 1820K
[    1.619482] x86/mm: Checked W+X mappings: passed, no W+X pages found.
[    1.622164] x86/mm: Checking user space page tables
[    1.657134] x86/mm: Checked W+X mappings: passed, no W+X pages found.
Loading, please wait...
starting version 237
[    1.826301] Fusion MPT base driver 3.04.20
[    1.828523] Copyright (c) 1999-2008 LSI Corporation
[    1.842221] e1000: Intel(R) PRO/1000 Network Driver - version 7.3.21-k8-NAPI
[    1.845816] e1000: Copyright (c) 1999-2006 Intel Corporation.
[    1.886718] AVX version of gcm_enc/dec engaged.
[    1.888940] AES CTR mode by8 optimization enabled
[    1.901901] Fusion MPT SPI Host driver 3.04.20
[    2.064140] input: ImExPS/2 Generic Explorer Mouse as /devices/platform/i8042/serio1/input/input4
[    2.367449] e1000 0000:00:03.0 eth0: (PCI:33MHz:32-bit) 02:3b:7b:b7:3b:2d
[    2.370082] e1000 0000:00:03.0 eth0: Intel(R) PRO/1000 Network Connection
[    2.376204] mptbase: ioc0: Initiating bringup
[    4.366286] ioc0: LSI53C1030 A0: Capabilities={Initiator}
[    9.177296] scsi host2: ioc0: LSI53C1030 A0, FwRev=00000000h, Ports=1, MaxQ=256, IRQ=20
[   12.163603] scsi 2:0:0:0: Direct-Access     VBOX     HARDDISK         1.0  PQ: 0 ANSI: 5
[   12.208354] scsi target2:0:0: Beginning Domain Validation
[   12.221960] scsi target2:0:0: Domain Validation skipping write tests
[   12.230119] scsi target2:0:0: Ending Domain Validation
[   12.244976] scsi target2:0:0: asynchronous
[   12.250518] scsi 2:0:1:0: Direct-Access     VBOX     HARDDISK         1.0  PQ: 0 ANSI: 5
[   12.604103] scsi target2:0:1: Beginning Domain Validation
[   12.609205] scsi target2:0:1: Domain Validation skipping write tests
[   12.612305] scsi target2:0:1: Ending Domain Validation
[   12.615016] scsi target2:0:1: asynchronous
[   12.627699] sd 2:0:0:0: Attached scsi generic sg0 type 0
[   12.631262] sd 2:0:1:0: Attached scsi generic sg1 type 0
[   12.634549] sd 2:0:1:0: [sdb] 20480 512-byte logical blocks: (10.5 MB/10.0 MiB)
[   12.638453] sd 2:0:1:0: [sdb] Write Protect is off
[   12.640690] sd 2:0:0:0: [sda] 83886080 512-byte logical blocks: (42.9 GB/40.0 GiB)
[   12.644959] sd 2:0:1:0: [sdb] Incomplete mode parameter data
[   12.645127] sd 2:0:0:0: [sda] Write Protect is off
[   12.647633] sd 2:0:1:0: [sdb] Assuming drive cache: write through
[   12.656228] sd 2:0:0:0: [sda] Incomplete mode parameter data
[   12.658636] sd 2:0:0:0: [sda] Assuming drive cache: write through
[   12.662436] sd 2:0:1:0: [sdb] Attached SCSI disk
[   12.664943]  sda: sda1
[   12.667145] sd 2:0:0:0: [sda] Attached SCSI disk
[   12.719412] e1000 0000:00:08.0 eth1: (PCI:33MHz:32-bit) 08:00:27:91:ae:9b
[   12.722724] e1000 0000:00:08.0 eth1: Intel(R) PRO/1000 Network Connection
[   12.728326] e1000 0000:00:03.0 enp0s3: renamed from eth0
[   12.748607] e1000 0000:00:08.0 enp0s8: renamed from eth1
Begin: Loading essential drivers ... [   14.904837] raid6: sse2x1   gen()  2548 MB/s
[   14.952661] raid6: sse2x1   xor()  1651 MB/s
[   15.000498] raid6: sse2x2   gen()  5659 MB/s
[   15.048367] raid6: sse2x2   xor()  2781 MB/s
[   15.096196] raid6: sse2x4   gen()  6182 MB/s
[   15.149414] raid6: sse2x4   xor()  2258 MB/s
[   15.151722] raid6: using algorithm sse2x4 gen() 6182 MB/s
[   15.153775] raid6: .... xor() 2258 MB/s, rmw enabled
[   15.155516] raid6: using ssse3x2 recovery algorithm
[   15.159440] xor: automatically using best checksumming function   avx       
[   15.164166] async_tx: api initialized (async)
done.
Begin: Running /scripts/init-premount ... done.
Begin: Mounting root file system ... Begin: Running /scripts/local-top ... done.
Begin: Running /scripts/local-premount ... [   15.289139] Btrfs loaded, crc32c=crc32c-intel
Scanning for Btrfs filesystems
done.
Warning: fsck not present, so skipping root file system
[   15.340470] EXT4-fs (sda1): mounted filesystem with ordered data mode. Opts: (null)
done.
Begin: Running /scripts/local-bottom ... done.
Begin: Running /scripts/init-bottom ... done.
[   15.580037] ip_tables: (C) 2000-2006 Netfilter Core Team
[   15.597762] systemd[1]: systemd 237 running in system mode. (+PAM +AUDIT +SELINUX +IMA +APPARMOR +SMACK +SYSVINIT +UTMP +LIBCRYPTSETUP +GCRYPT +GNUTLS +ACL +XZ +LZ4 +SECCOMP +BLKID +ELFUTILS +KMOD -IDN2 +IDN -PCRE2 default-hierarchy=hybrid)
[   15.605692] systemd[1]: Detected virtualization oracle.
[   15.607653] systemd[1]: Detected architecture x86-64.

Welcome to [1mUbuntu 18.04.6 LTS[0m!

[   15.629173] systemd[1]: Set hostname to <ubuntu>.
[   15.634206] systemd[1]: Initializing machine ID from random generator.
[   15.636530] systemd[1]: Installed transient /etc/machine-id file.
[   15.994764] systemd[1]: Started Forward Password Requests to Wall Directory Watch.
[[0;32m  OK  [0m] Started Forward Password Requests to Wall Directory Watch.
[   15.998959] systemd[1]: Reached target Mounting snaps.
[[0;32m  OK  [0m] Reached target Mounting snaps.
[   16.002599] systemd[1]: Reached target Mounted snaps.
[[0;32m  OK  [0m] Reached target Mounted snaps.
[   16.007991] systemd[1]: Created slice System Slice.
[[0;32m  OK  [0m] Created slice System Slice.
[[0;32m  OK  [0m] Listening on /dev/initctl Compatibility Named Pipe.
[[0;32m  OK  [0m] Listening on Journal Socket (/dev/log).
[[0;32m  OK  [0m] Created slice system-serial\x2dgetty.slice.
[[0;32m  OK  [0m] Listening on LVM2 metadata daemon socket.
[[0;32m  OK  [0m] Listening on Journal Audit Socket.
[[0;32m  OK  [0m] Listening on udev Control Socket.
[[0;32m  OK  [0m] Listening on Journal Socket.
         Starting Set the console keyboard layout...
         Starting Load Kernel Modules...
         Mounting Huge Pages File System...
[   16.064041] Loading iSCSI transport class v2.0-870.
[[0;32m  OK  [0m] Created slice User and Session Slice.
[[0;32m  OK  [0m] Reached target Slices.
         Mounting Kernel Debug File System...
         Starting Uncomplicated firewall...
[[0;32m  OK  [0m] Listening on udev Kernel Socket.
[   16.083092] iscsi: registered transport (tcp)
[[0;32m  OK  [0m] Listening on Device-mapper event daemon FIFOs.
         Starting Monitoring of LVM2 mirrors…ng dmeventd or progress polling...
[[0;32m  OK  [0m] Reached target Swap.
         Mounting POSIX Message Queue File System...
[[0;32m  OK  [0m] Listening on Network Service Netlink Socket.
[[0;32m  OK  [0m] Listening on fsck to fsckd communication Socket.
         Starting File System Check on Root Device...
         Starting udev Coldplug all Devices...
[[0;32m  OK  [0m] Listening on Syslog Socket.
         Starting Journal Service...
[[0;32m  OK  [0m] Reached target System Time Synchronized.
[[0;32m  OK  [0m] Set up automount Arbitrary Executab…rmats File System Automount Point.
[   16.197590] iscsi: registered transport (iser)
         Starting Create list of required st…ce nodes for the current kernel...
[[0;32m  OK  [0m] Reached target User and Group Name Lookups.
[[0;32m  OK  [0m] Listening on LVM2 poll daemon socket.
[[0;32m  OK  [0m] Started Load Kernel Modules.
[[0;32m  OK  [0m] Mounted Huge Pages File System.
[[0;32m  OK  [0m] Mounted Kernel Debug File System.
[[0;32m  OK  [0m] Started Uncomplicated firewall.
[[0;32m  OK  [0m] Mounted POSIX Message Queue File System.
[[0;32m  OK  [0m] Started File System Check Daemon to report status.
         Starting Apply Kernel Variables...
         Mounting FUSE Control File System...
         Mounting Kernel Configuration File System...
[[0;32m  OK  [0m] Mounted Kernel Configuration File System.
[[0;32m  OK  [0m] Mounted FUSE Control File System.
[[0;32m  OK  [0m] Started Create list of required sta…vice nodes for the current kernel.
         Starting Create Static Device Nodes in /dev...
[[0;32m  OK  [0m] Started LVM2 metadata daemon.
[[0;32m  OK  [0m] Started File System Check on Root Device.
         Starting Remount Root and Kernel File Systems...
[[0;32m  OK  [0m] Started udev Coldplug all Devices.
[[0;32m  OK  [0m] Started Apply Kernel Variables.
[[0;32m  OK  [0m] Started Create Static Device Nodes in /dev.
[[0;32m  OK  [0m] Started Journal Service.
[[0;32m  OK  [0m] Started Monitoring of LVM2 mirrors,…sing dmeventd or progress polling.
[[0;32m  OK  [0m] Started Remount Root and Kernel File Systems.
         Starting udev Kernel Device Manager...
         Starting Load/Save Random Seed...
         Starting Flush Journal to Persistent Storage...
[[0;32m  OK  [0m] Started Load/Save Random Seed.
[[0;32m  OK  [0m] Started udev Kernel Device Manager.
[[0;32m  OK  [0m] Started Flush Journal to Persistent Storage.
[[0;32m  OK  [0m] Found device /dev/ttyS0.
[[0;32m  OK  [0m] Listening on Load/Save RF Kill Switch Status /dev/rfkill Watch.
         Mounting Arbitrary Executable File Formats File System...
[[0;32m  OK  [0m] Mounted Arbitrary Executable File Formats File System.
[[0;32m  OK  [0m] Started Set the console keyboard layout.
[[0;32m  OK  [0m] Started Dispatch Password Requests to Console Directory Watch.
[[0;32m  OK  [0m] Reached target Local Encrypted Volumes.
[[0;32m  OK  [0m] Reached target Local File Systems (Pre).
[[0;32m  OK  [0m] Reached target Local File Systems.
         Starting Set console font and keymap...
         Starting Create Volatile Files and Directories...
         Starting Tell Plymouth To Write Out Runtime Data...
         Starting AppArmor initialization...
         Starting ebtables ruleset management...
         Starting Commit a transient machine-id on disk...
[[0;32m  OK  [0m] Started Tell Plymouth To Write Out Runtime Data.
[[0;32m  OK  [0m] Started Create Volatile Files and Directories.
         Starting Update UTMP about System Boot/Shutdown...
[[0;32m  OK  [0m] Started Update UTMP about System Boot/Shutdown.
[[0;32m  OK  [0m] Started Commit a transient machine-id on disk.
[[0;32m  OK  [0m] Started ebtables ruleset management.
[[0;32m  OK  [0m] Started Set console font and keymap.
[[0;32m  OK  [0m] Started AppArmor initialization.
         Starting Initial cloud-init job (pre-networking)...
         Starting Load AppArmor profiles managed internally by snapd...
[[0;32m  OK  [0m] Started Load AppArmor profiles managed internally by snapd.
[   25.518253] cloud-init[806]: Cloud-init v. 23.1.2-0ubuntu0~18.04.1 running 'init-local' at Tue, 27 Feb 2024 21:48:03 +0000. Up 24.64 seconds.
[[0;32m  OK  [0m] Started Initial cloud-init job (pre-networking).
[[0;32m  OK  [0m] Reached target Network (Pre).
         Starting Network Service...
[[0;32m  OK  [0m] Started Network Service.
         Starting Network Name Resolution...
         Starting Wait for Network to be Configured...
[[0;32m  OK  [0m] Started Network Name Resolution.
[[0;32m  OK  [0m] Reached target Host and Network Name Lookups.
[[0;32m  OK  [0m] Reached target Network.
[[0;32m  OK  [0m] Started Wait for Network to be Configured.
         Starting Initial cloud-init job (metadata service crawler)...
[   28.815210] cloud-init[933]: Cloud-init v. 23.1.2-0ubuntu0~18.04.1 running 'init' at Tue, 27 Feb 2024 21:48:07 +0000. Up 28.33 seconds.
[   28.819412] cloud-init[933]: ci-info: ++++++++++++++++++++++++++++++++++++++Net device info+++++++++++++++++++++++++++++++++++++++
[   28.823500] cloud-init[933]: ci-info: +--------+-------+----------------------------+---------------+--------+-------------------+
[   28.827773] cloud-init[933]: ci-info: | Device |   Up  |          Address           |      Mask     | Scope  |     Hw-Address    |
[   28.831370] cloud-init[933]: ci-info: +--------+-------+----------------------------+---------------+--------+-------------------+
[   28.834621] cloud-init[933]: ci-info: | enp0s3 |  True |         10.0.2.15          | 255.255.255.0 | global | 02:3b:7b:b7:3b:2d |
[   28.838258] cloud-init[933]: ci-info: | enp0s3 |  True | fe80::3b:7bff:feb7:3b2d/64 |       .       |  link  | 02:3b:7b:b7:3b:2d |
[   28.841587] cloud-init[933]: ci-info: | enp0s8 | False |             .              |       .       |   .    | 08:00:27:91:ae:9b |
[   28.845228] cloud-init[933]: ci-info: |   lo   |  True |         127.0.0.1          |   255.0.0.0   |  host  |         .         |
[   28.849084] cloud-init[933]: ci-info: |   lo   |  True |          ::1/128           |       .       |  host  |         .         |
[   28.853439] cloud-init[933]: ci-info: +--------+-------+----------------------------+---------------+--------+-------------------+
[   28.857204] cloud-init[933]: ci-info: ++++++++++++++++++++++++++++Route IPv4 info+++++++++++++++++++++++++++++
[   28.860233] cloud-init[933]: ci-info: +-------+-------------+----------+-----------------+-----------+-------+
[   28.862927] cloud-init[933]: ci-info: | Route | Destination | Gateway  |     Genmask     | Interface | Flags |
[   28.866311] cloud-init[933]: ci-info: +-------+-------------+----------+-----------------+-----------+-------+
[   28.869668] cloud-init[933]: ci-info: |   0   |   0.0.0.0   | 10.0.2.2 |     0.0.0.0     |   enp0s3  |   UG  |
[   28.873037] cloud-init[933]: ci-info: |   1   |   10.0.2.0  | 0.0.0.0  |  255.255.255.0  |   enp0s3  |   U   |
[   28.876447] cloud-init[933]: ci-info: |   2   |   10.0.2.2  | 0.0.0.0  | 255.255.255.255 |   enp0s3  |   UH  |
[   28.879952] cloud-init[933]: ci-info: +-------+-------------+----------+-----------------+-----------+-------+
[   28.883227] cloud-init[933]: ci-info: +++++++++++++++++++Route IPv6 info+++++++++++++++++++
[   28.885792] cloud-init[933]: ci-info: +-------+-------------+---------+-----------+-------+
[   28.888216] cloud-init[933]: ci-info: | Route | Destination | Gateway | Interface | Flags |
[   28.890702] cloud-init[933]: ci-info: +-------+-------------+---------+-----------+-------+
[   28.893801] cloud-init[933]: ci-info: |   1   |  fe80::/64  |    ::   |   enp0s3  |   U   |
[   28.896385] cloud-init[933]: ci-info: |   3   |    local    |    ::   |   enp0s3  |   U   |
[   28.898764] cloud-init[933]: ci-info: |   4   |   ff00::/8  |    ::   |   enp0s3  |   U   |
[   28.912356] cloud-init[933]: ci-info: +-------+-------------+---------+-----------+-------+
[   30.297642] cloud-init[933]: Generating public/private rsa key pair.
[   30.299979] cloud-init[933]: Your identification has been saved in /etc/ssh/ssh_host_rsa_key.
[   30.302715] cloud-init[933]: Your public key has been saved in /etc/ssh/ssh_host_rsa_key.pub.
[   30.305678] cloud-init[933]: The key fingerprint is:
[   30.307579] cloud-init[933]: SHA256:K39Anr5+BWggb9EG0cPAr9rzKXeULwbgja1PW4wL7Ak root@ubuntu-bionic
[   30.310680] cloud-init[933]: The key's randomart image is:
[   30.312775] cloud-init[933]: +---[RSA 2048]----+
[   30.314548] cloud-init[933]: |     .+B         |
[   30.316253] cloud-init[933]: |    . + *        |
[   30.317924] cloud-init[933]: |     o = o       |
[   30.319710] cloud-init[933]: |      + = .      |
[   30.321486] cloud-init[933]: |     o XS. o     |
[   30.323287] cloud-init[933]: |     .+ B+o .    |
[   30.325120] cloud-init[933]: |    Eo+o++oo     |
[   30.326805] cloud-init[933]: |    .o=*o=* .    |
[   30.328479] cloud-init[933]: |      oBX* .     |
[   30.330194] cloud-init[933]: +----[SHA256]-----+
[   30.331876] cloud-init[933]: Generating public/private dsa key pair.
[   30.344422] cloud-init[933]: Your identification has been saved in /etc/ssh/ssh_host_dsa_key.
[   30.346957] cloud-init[933]: Your public key has been saved in /etc/ssh/ssh_host_dsa_key.pub.
[   30.349777] cloud-init[933]: The key fingerprint is:
[   30.351604] cloud-init[933]: SHA256:gRJw99xwAOZMK+/r7fgQiitvJzBCb8BiYq5WswucQJw root@ubuntu-bionic
[   30.356539] cloud-init[933]: The key's randomart image is:
[   30.358332] cloud-init[933]: +---[DSA 1024]----+
[   30.368489] cloud-init[933]: |  ..o =.o..      |
[   30.370472] cloud-init[933]: |. .. B = +       |
[   30.372378] cloud-init[933]: |.E  o = + .      |
[   30.374303] cloud-init[933]: |+*   +   .       |
[   30.375910] cloud-init[933]: |O o   o S        |
[   30.377398] cloud-init[933]: |*..* o .         |
[   30.379255] cloud-init[933]: |o*+ + o          |
[   30.381055] cloud-init[933]: |o.+o.  =         |
[   30.382888] cloud-init[933]: |.+o+..+o+        |
[   30.384501] cloud-init[933]: +----[SHA256]-----+
[   30.386053] cloud-init[933]: Generating public/private ecdsa key pair.
[   30.388538] cloud-init[933]: Your identification has been saved in /etc/ssh/ssh_host_ecdsa_key.
[   30.391368] cloud-init[933]: Your public key has been saved in /etc/ssh/ssh_host_ecdsa_key.pub.
[   30.394083] cloud-init[933]: The key fingerprint is:
[   30.395836] cloud-init[933]: SHA256:/8MgHADJ6AGZJD2v2dBHzShUDD70ueFVziGGoP55Tw4 root@ubuntu-bionic
[   30.398940] cloud-init[933]: The key's randomart image is:
[   30.400981] cloud-init[933]: +---[ECDSA 256]---+
[   30.402730] cloud-init[933]: |+* +*B.=o o      |
[   30.404403] cloud-init[933]: |+ =++.*oo= .     |
[   30.406060] cloud-init[933]: | ..=oo+.. o      |
[   30.407596] cloud-init[933]: | .o oo.+.        |
[   30.409410] cloud-init[933]: |  .= .o.S.       |
[   30.411016] cloud-init[933]: |  o...  o..      |
[   30.412902] cloud-init[933]: |    o E ...o     |
[   30.414680] cloud-init[933]: |     . =   .o    |
[   30.416420] cloud-init[933]: |        o   ..   |
[   30.418166] cloud-init[933]: +----[SHA256]-----+
[   30.419857] cloud-init[933]: Generating public/private ed25519 key pair.
[   30.422079] cloud-init[933]: Your identification has been saved in /etc/ssh/ssh_host_ed25519_key.
[   30.425009] cloud-init[933]: Your public key has been saved in /etc/ssh/ssh_host_ed25519_key.pub.
[   30.428021] cloud-init[933]: The key fingerprint is:
[   30.429808] cloud-init[933]: SHA256:0jm5jxEqX9v7olB1RCDB+w7S0NDS3ExVqhxFzjeO8oQ root@ubuntu-bionic
[   30.432716] cloud-init[933]: The key's randomart image is:
[   30.434844] cloud-init[933]: +--[ED25519 256]--+
[   30.436602] cloud-init[933]: |       =o=o=*..  |
[   30.438260] cloud-init[933]: |      o =.o= .   |
[   30.440192] cloud-init[933]: |       + .o = o  |
[   30.441746] cloud-init[933]: |      ..o= = + . |
[   30.443201] cloud-init[933]: |      .oS.E o .  |
[   30.445184] cloud-init[933]: |      .+o+.+     |
[   30.446987] cloud-init[933]: |    . o.+o  .    |
[   30.448531] cloud-init[933]: |     o o *o      |
[   30.450198] cloud-init[933]: |      . +.++.    |
[   30.451921] cloud-init[933]: +----[SHA256]-----+
[[0;32m  OK  [0m] Started Initial cloud-init job (metadata service crawler).
[[0;32m  OK  [0m] Reached target Network is Online.
[[0;32m  OK  [0m] Reached target Remote File Systems (Pre).
[[0;32m  OK  [0m] Reached target Remote File Systems.
         Starting Availability of block devices...
[[0;32m  OK  [0m] Reached target Cloud-config availability.
[[0;32m  OK  [0m] Reached target System Initialization.
[[0;32m  OK  [0m] Started Daily Cleanup of Temporary Directories.
[[0;32m  OK  [0m] Started Discard unused blocks once a week.
[[0;32m  OK  [0m] Started Message of the Day.
[[0;32m  OK  [0m] Listening on Open-iSCSI iscsid Socket.
[[0;32m  OK  [0m] Listening on D-Bus System Message Bus Socket.
[[0;32m  OK  [0m] Listening on cloud-init hotplug hook socket.
         Starting Socket activation for snappy daemon.
[[0;32m  OK  [0m] Started Daily apt download activities.
         Starting LXD - unix socket.
[[0;32m  OK  [0m] Listening on ACPID Listen Socket.
[[0;32m  OK  [0m] Started Ubuntu Advantage Timer for running repeated jobs.
[[0;32m  OK  [0m] Started Daily apt upgrade and clean activities.
[[0;32m  OK  [0m] Reached target Timers.
[[0;32m  OK  [0m] Listening on UUID daemon activation socket.
[[0;32m  OK  [0m] Started ACPI Events Check.
[[0;32m  OK  [0m] Reached target Paths.
[[0;32m  OK  [0m] Started Availability of block devices.
[[0;32m  OK  [0m] Listening on Socket activation for snappy daemon.
[[0;32m  OK  [0m] Listening on LXD - unix socket.
[[0;32m  OK  [0m] Reached target Sockets.
[[0;32m  OK  [0m] Reached target Basic System.
[[0;32m  OK  [0m] Reached target Login Prompts (Pre).
[[0;32m  OK  [0m] Started FUSE filesystem for LXC.
         Starting Virtualbox guest utils...
[[0;32m  OK  [0m] Started irqbalance daemon.
[[0;32m  OK  [0m] Started Deferred execution scheduler.
         Starting Login Service...
         Starting Permit User Sessions...
[[0;32m  OK  [0m] Started D-Bus System Message Bus.
         Starting System Logging Service...
[[0;32m  OK  [0m] Started Regular background program processing daemon.
         Starting LSB: Record successful boot for GRUB...
         Starting LXD - container startup/shutdown...
         Starting Accounts Service...
         Starting LSB: automatic crash report generation...
         Starting Dispatcher daemon for systemd-networkd...
         Starting Pollinate to seed the pseudo random number generator...
         Starting Snap Daemon...
[[0;32m  OK  [0m] Started System Logging Service.
[[0;32m  OK  [0m] Started Permit User Sessions.
[[0;32m  OK  [0m] Started Login Service.
         Starting Authorization Manager...
[[0;32m  OK  [0m] Started Unattended Upgrades Shutdown.
         Starting Terminate Plymouth Boot Screen...
         Starting Hold until boot process finishes up...
[[0;32m  OK  [0m] Started LXD - container startup/shutdown.
[[0;32m  OK  [0m] Started Hold until boot process finishes up.
[[0;32m  OK  [0m] Started Serial Getty on ttyS0.
         Starting Set console scheme...
[[0;32m  OK  [0m] Started LSB: automatic crash report generation.
[[0;32m  OK  [0m] Started Terminate Plymouth Boot Screen.
[[0;32m  OK  [0m] Started Set console scheme.
[[0;32m  OK  [0m] Created slice system-getty.slice.
[[0;32m  OK  [0m] Started Getty on tty1.
[[0;32m  OK  [0m] Reached target Login Prompts.
[[0;32m  OK  [0m] Started Authorization Manager.
[[0;32m  OK  [0m] Started Accounts Service.
[[0;32m  OK  [0m] Started LSB: Record successful boot for GRUB.
[[0;32m  OK  [0m] Started Virtualbox guest utils.
[[0;32m  OK  [0m] Started Dispatcher daemon for systemd-networkd.
[[0;32m  OK  [0m] Started Snap Daemon.
         Starting Wait until snapd is fully seeded...
[[0;32m  OK  [0m] Started Pollinate to seed the pseudo random number generator.
         Starting OpenBSD Secure Shell server...
[[0;32m  OK  [0m] Started OpenBSD Secure Shell server.
[[0;32m  OK  [0m] Created slice User Slice of vagrant.
         Starting User Manager for UID 1000...
[[0;32m  OK  [0m] Started Session 1 of user vagrant.
[[0;32m  OK  [0m] Started User Manager for UID 1000.
         Starting Time & Date Service...
[[0;32m  OK  [0m] Started Time & Date Service.

Ubuntu 18.04.6 LTS ubuntu-bionic ttyS0

ubuntu-bionic login: [   40.597498] cloud-init[1512]: Cloud-init v. 23.1.2-0ubuntu0~18.04.1 running 'modules:config' at Tue, 27 Feb 2024 21:48:18 +0000. Up 39.52 seconds.
ci-info: no authorized SSH keys fingerprints found for user ubuntu.
<14>Feb 27 21:48:21 cloud-init: #############################################################
<14>Feb 27 21:48:21 cloud-init: -----BEGIN SSH HOST KEY FINGERPRINTS-----
<14>Feb 27 21:48:21 cloud-init: 1024 SHA256:gRJw99xwAOZMK+/r7fgQiitvJzBCb8BiYq5WswucQJw root@ubuntu-bionic (DSA)
<14>Feb 27 21:48:21 cloud-init: 256 SHA256:/8MgHADJ6AGZJD2v2dBHzShUDD70ueFVziGGoP55Tw4 root@ubuntu-bionic (ECDSA)
<14>Feb 27 21:48:21 cloud-init: 256 SHA256:0jm5jxEqX9v7olB1RCDB+w7S0NDS3ExVqhxFzjeO8oQ root@ubuntu-bionic (ED25519)
<14>Feb 27 21:48:21 cloud-init: 2048 SHA256:K39Anr5+BWggb9EG0cPAr9rzKXeULwbgja1PW4wL7Ak root@ubuntu-bionic (RSA)
<14>Feb 27 21:48:21 cloud-init: -----END SSH HOST KEY FINGERPRINTS-----
<14>Feb 27 21:48:21 cloud-init: #############################################################
-----BEGIN SSH HOST KEY KEYS-----
ecdsa-sha2-nistp256 AAAAE2VjZHNhLXNoYTItbmlzdHAyNTYAAAAIbmlzdHAyNTYAAABBBGFvtABJBVFuAfJ0XV0VXqwZkO4YTiDouYjCfzmY9uNda4l6QpO2SK1DxmCGh3FGxnU+aOFq7dzMgiKAqpPWJks= root@ubuntu-bionic
ssh-ed25519 AAAAC3NzaC1lZDI1NTE5AAAAIP3m0nf0nsq+lRX3LN4xp/liCGV/HLjnyDN2g8OP5Hu/ root@ubuntu-bionic
ssh-rsa AAAAB3NzaC1yc2EAAAADAQABAAABAQDRGTjhsVfOyDQqsg4wpQTUkUycpcp9hn35ioatQcUsB6s/UlY87UHGo8rJbqAQ9iagP2zan5M7IOr/kN9RSeO7pNJlQG3ooQm24IBmp9DAuWg4fxEjrk9bBM+CzR0V2Bn3ncmi7Z9qFqZGmtFd2Q0uiurm9qwCCTQRqc/D4DMFIwAU7OkwVthVZbzB4TfASyJbNmQI7MuJ6XxJyiaASsf6VorMQzblCckaUcYT3hThiu/ImkmQzf4PWakTVnuzUoj03AYvGZ23E0KrDVGnLYuvHd4IN2UmwJYsntQFjKdcxoK/tOMbv9Um3M4qYx1BxyATs/FhOASxv8Mli4KmtQpp root@ubuntu-bionic
-----END SSH HOST KEY KEYS-----
[   42.595094] cloud-init[1677]: Cloud-init v. 23.1.2-0ubuntu0~18.04.1 running 'modules:final' at Tue, 27 Feb 2024 21:48:20 +0000. Up 42.02 seconds.
[   42.595315] cloud-init[1677]: Cloud-init v. 23.1.2-0ubuntu0~18.04.1 finished at Tue, 27 Feb 2024 21:48:21 +0000. Datasource DataSourceNoCloud [seed=/dev/sdb][dsmode=net].  Up 42.57 seconds
[[0;32m  OK  [0m] Stopped target Cloud-init target.
[[0;32m  OK  [0m] Stopped target Timers.
[[0;32m  OK  [0m] Stopped Daily Cleanup of Temporary Directories.
[[0;32m  OK  [0m] Stopped Ubuntu Advantage Timer for running repeated jobs.
         Stopping Session 11 of user vagrant.
[[0;32m  OK  [0m] Stopped Message of the Day.
[[0;32m  OK  [0m] Stopped Daily apt upgrade and clean activities.
[[0;32m  OK  [0m] Stopped target Graphical Interface.
         Stopping Accounts Service...
         Stopping Session 50 of user vagrant.
[[0;32m  OK  [0m] Stopped Execute cloud user/final scripts.
[[0;32m  OK  [0m] Stopped Apply the settings specified in cloud-config.
[[0;32m  OK  [0m] Closed Load/Save RF Kill Switch Status /dev/rfkill Watch.
[[0;32m  OK  [0m] Stopped target Multi-User System.
         Stopping Deferred execution scheduler...
         Stopping Virtualbox guest utils...
         Stopping Dispatcher daemon for systemd-networkd...
         Stopping LSB: Record successful boot for GRUB...
         Stopping LXD - container startup/shutdown...
[[0;32m  OK  [0m] Stopped Wait until snapd is fully seeded.
         Stopping LSB: automatic crash report generation...
[[0;32m  OK  [0m] Stopped target Login Prompts.
         Stopping Getty on tty1...
         Stopping System Logging Service...
         Stopping D-Bus System Message Bus...
         Stopping irqbalance daemon...
         Stopping FUSE filesystem for LXC...
         Stopping Regular background program processing daemon...
         Stopping The Apache HTTP Server...
[[0;32m  OK  [0m] Stopped Daily apt download activities.
             Stopping Session 9 of user vagrant.
         Stopping Authorization Manager...
         Stopping Availability of block devices...
         Stopping OpenBSD Secure Shell server...
[[0;32m  OK  [0m] Stopped target Cloud-config availability.
         Stopping User Manager for UID 1000...
[[0;32m  OK  [0m] Unmounted /var/lib/lxcfs.
[[0;32m  OK  [0m] Stopped irqbalance daemon.
[[0;32m  OK  [0m] Stopped Deferred execution scheduler.
[[0;32m  OK  [0m] Stopped Regular background program processing daemon.
[[0;32m  OK  [0m] Stopped Accounts Service.
[[0;32m  OK  [0m] Stopped Dispatcher daemon for systemd-networkd.
[[0;32m  OK  [0m] Stopped Authorization Manager.
[[0;32m  OK  [0m] Stopped System Logging Service.
[[0;32m  OK  [0m] Stopped Serial Getty on ttyS0.
[[0;32m  OK  [0m] Stopped Getty on tty1.
[[0;32m  OK  [0m] Stopped User Manager for UID 1000.
[[0;32m  OK  [0m] Stopped OpenBSD Secure Shell server.
[[0;32m  OK  [0m] Stopped D-Bus System Message Bus.
[[0;32m  OK  [0m] Stopped FUSE filesystem for LXC.
[[0;32m  OK  [0m] Stopped Session 9 of user vagrant.
[[0;32m  OK  [0m] Stopped Session 50 of user vagrant.
[[0;32m  OK  [0m] Stopped Session 11 of user vagrant.
[[0;32m  OK  [0m] Stopped Availability of block devices.
[[0;32m  OK  [0m] Removed slice User Slice of vagrant.
         Stopping Login Service...
[[0;32m  OK  [0m] Removed slice system-getty.slice.
[[0;32m  OK  [0m] Removed slice system-serial\x2dgetty.slice.
         Stopping Permit User Sessions...
[[0;32m  OK  [0m] Stopped target Login Prompts (Pre).
[[0;32m  OK  [0m] Stopped LXD - container startup/shutdown.
[[0;32m  OK  [0m] Stopped LSB: automatic crash report generation.
[[0;32m  OK  [0m] Stopped LSB: Record successful boot for GRUB.
[[0;32m  OK  [0m] Stopped Permit User Sessions.
[[0;32m  OK  [0m] Stopped Login Service.
[[0;32m  OK  [0m] Stopped target User and Group Name Lookups.
[[0;32m  OK  [0m] Stopped Virtualbox guest utils.
[[0;32m  OK  [0m] Stopped The Apache HTTP Server.
[[0;32m  OK  [0m] Stopped target Basic System.
[[0;32m  OK  [0m] Stopped target Slices.
[[0;32m  OK  [0m] Removed slice User and Session Slice.
[[0;32m  OK  [0m] Stopped target Sockets.
[[0;32m  OK  [0m] Closed cloud-init hotplug hook socket.
[[0;32m  OK  [0m] Closed D-Bus System Message Bus Socket.
[[0;32m  OK  [0m] Closed Socket activation for snappy daemon.
[[0;32m  OK  [0m] Closed UUID daemon activation socket.
[[0;32m  OK  [0m] Closed LXD - unix socket.
[[0;32m  OK  [0m] Closed ACPID Listen Socket.
[[0;32m  OK  [0m] Closed Open-iSCSI iscsid Socket.
[[0;32m  OK  [0m] Closed Syslog Socket.
[[0;32m  OK  [0m] Stopped target Paths.
[[0;32m  OK  [0m] Stopped ACPI Events Check.
[[0;32m  OK  [0m] Stopped target System Initialization.
[[0;32m  OK  [0m] Stopped target Local Encrypted Volumes.
[[0;32m  OK  [0m] Stopped Dispatch Password Requests to Console Directory Watch.
[[0;32m  OK  [0m] Stopped Forward Password Requests to Wall Directory Watch.
         Stopping Update UTMP about System Boot/Shutdown...
         Stopping Load/Save Random Seed...
[[0;32m  OK  [0m] Stopped Commit a transient machine-id on disk.
[[0;32m  OK  [0m] Stopped target Host and Network Name Lookups.
[[0;32m  OK  [0m] Stopped target Remote File Systems.
         Unmounting /vagrant...
[[0;32m  OK  [0m] Stopped Load/Save Random Seed.
[[0;32m  OK  [0m] Unmounted /vagrant.
[[0;32m  OK  [0m] Stopped target Network is Online.
[[0;32m  OK  [0m] Stopped target Network.
         Stopping Network Name Resolution...
[[0;32m  OK  [0m] Stopped Initial cloud-init job (metadata service crawler).
[[0;32m  OK  [0m] Stopped target Remote File Systems (Pre).
[[0;32m  OK  [0m] Stopped Update UTMP about System Boot/Shutdown.
[[0;32m  OK  [0m] Stopped Network Name Resolution.
         Stopping Network Service...
[[0;32m  OK  [0m] Stopped Create Volatile Files and Directories.
[[0;32m  OK  [0m] Stopped target Local File Systems.
         Unmounting /run/user/1000...
[[0;32m  OK  [0m] Stopped target Mounted snaps.
[[0;32m  OK  [0m] Stopped target Mounting snaps.
[[0;32m  OK  [0m] Unmounted /run/user/1000.
[[0;32m  OK  [0m] Reached target Unmount All Filesystems.
[[0;32m  OK  [0m] Stopped target Swap.
[[0;32m  OK  [0m] Stopped target Local File Systems (Pre).
[[0;32m  OK  [0m] Stopped Create Static Device Nodes in /dev.
         Stopping Monitoring of LVM2 mirrors…ng dmeventd or progress polling...
[[0;32m  OK  [0m] Stopped Network Service.
[[0;32m  OK  [0m] Stopped Apply Kernel Variables.
[[0;32m  OK  [0m] Stopped Load Kernel Modules.
[[0;32m  OK  [0m] Stopped target Network (Pre).
[[0;32m  OK  [0m] Stopped Initial cloud-init job (pre-networking).
[[0;32m  OK  [0m] Stopped Remount Root and Kernel File Systems.
[[0;32m  OK  [0m] Reached target Shutdown.
[[0;32m  OK  [0m] Reached target Final Step.
         Starting Power-Off...
[10786.082829] reboot: Power down
